<?xml version="1.0" encoding="UTF-8"?>
<!-- Generated by org.testng.reporters.JUnitXMLReporter -->
<testsuite ignored="1" hostname="EPHUBUDW07AD" failures="1" tests="1" name="Test" time="0.345" errors="0" timestamp="2023-03-06T15:44:00 CET">
  <testcase classname="bhartiacademy.StandAlonePageFactoryTest" name="submitOrder" time="0.0">
    <failure type="java.lang.RuntimeException" message="com.fasterxml.jackson.databind.JsonMappingException: Unexpected character (&amp;apos;&amp;quot;&amp;apos; (code 34)): was expecting comma to separate Object entries
 at [Source: (String)&amp;quot;[
{
&amp;quot;email&amp;quot; : &amp;quot;iks@gmail.com&amp;quot;
&amp;quot;password&amp;quot;: &amp;quot;Capital@10&amp;quot;
&amp;quot;requiredProduct&amp;quot;: &amp;quot;ZARA COAT 3&amp;quot;
},

{
&amp;quot;email&amp;quot; : &amp;quot;shetty@gmail.com&amp;quot;
&amp;quot;password&amp;quot;: &amp;quot;Iamking@000&amp;quot;
&amp;quot;requiredProduct&amp;quot;: &amp;quot;ADIDAS ORIGINAL&amp;quot;
}
]&amp;quot;; line: 4, column: 2] (through reference chain: java.util.ArrayList[0])">
      <![CDATA[java.lang.RuntimeException: com.fasterxml.jackson.databind.JsonMappingException: Unexpected character ('"' (code 34)): was expecting comma to separate Object entries
 at [Source: (String)"[
{
"email" : "iks@gmail.com"
"password": "Capital@10"
"requiredProduct": "ZARA COAT 3"
},

{
"email" : "shetty@gmail.com"
"password": "Iamking@000"
"requiredProduct": "ADIDAS ORIGINAL"
}
]"; line: 4, column: 2] (through reference chain: java.util.ArrayList[0])
at java.base/java.util.ArrayList.forEach(ArrayList.java:1511)
Caused by: com.fasterxml.jackson.databind.JsonMappingException: Unexpected character ('"' (code 34)): was expecting comma to separate Object entries
 at [Source: (String)"[
{
"email" : "iks@gmail.com"
"password": "Capital@10"
"requiredProduct": "ZARA COAT 3"
},

{
"email" : "shetty@gmail.com"
"password": "Iamking@000"
"requiredProduct": "ADIDAS ORIGINAL"
}
]"; line: 4, column: 2] (through reference chain: java.util.ArrayList[0])
at com.fasterxml.jackson.databind.JsonMappingException.wrapWithPath(JsonMappingException.java:402)
at com.fasterxml.jackson.databind.JsonMappingException.wrapWithPath(JsonMappingException.java:373)
at com.fasterxml.jackson.databind.deser.std.CollectionDeserializer._deserializeFromArray(CollectionDeserializer.java:375)
at com.fasterxml.jackson.databind.deser.std.CollectionDeserializer.deserialize(CollectionDeserializer.java:244)
at com.fasterxml.jackson.databind.deser.std.CollectionDeserializer.deserialize(CollectionDeserializer.java:28)
at com.fasterxml.jackson.databind.deser.DefaultDeserializationContext.readRootValue(DefaultDeserializationContext.java:323)
at com.fasterxml.jackson.databind.ObjectMapper._readMapAndClose(ObjectMapper.java:4730)
at com.fasterxml.jackson.databind.ObjectMapper.readValue(ObjectMapper.java:3677)
at com.fasterxml.jackson.databind.ObjectMapper.readValue(ObjectMapper.java:3660)
at bhartiacademy.TestComponents.BaseTest.getJsonDataToMap(BaseTest.java:60)
at bhartiacademy.StandAlonePageFactoryTest.getData(StandAlonePageFactoryTest.java:112)
... 25 more
Caused by: com.fasterxml.jackson.core.JsonParseException: Unexpected character ('"' (code 34)): was expecting comma to separate Object entries
 at [Source: (String)"[
{
"email" : "iks@gmail.com"
"password": "Capital@10"
"requiredProduct": "ZARA COAT 3"
},

{
"email" : "shetty@gmail.com"
"password": "Iamking@000"
"requiredProduct": "ADIDAS ORIGINAL"
}
]"; line: 4, column: 2]
at com.fasterxml.jackson.core.JsonParser._constructError(JsonParser.java:2418)
at com.fasterxml.jackson.core.base.ParserMinimalBase._reportError(ParserMinimalBase.java:749)
at com.fasterxml.jackson.core.base.ParserMinimalBase._reportUnexpectedChar(ParserMinimalBase.java:673)
at com.fasterxml.jackson.core.json.ReaderBasedJsonParser._skipComma(ReaderBasedJsonParser.java:2459)
at com.fasterxml.jackson.core.json.ReaderBasedJsonParser.nextFieldName(ReaderBasedJsonParser.java:950)
at com.fasterxml.jackson.databind.deser.std.MapDeserializer._readAndBindStringKeyMap(MapDeserializer.java:608)
at com.fasterxml.jackson.databind.deser.std.MapDeserializer.deserialize(MapDeserializer.java:449)
at com.fasterxml.jackson.databind.deser.std.MapDeserializer.deserialize(MapDeserializer.java:32)
at com.fasterxml.jackson.databind.deser.std.CollectionDeserializer._deserializeFromArray(CollectionDeserializer.java:359)
... 40 more
... Removed 32 stack frames]]>
    </failure>
  </testcase> <!-- submitOrder -->
  <testcase classname="bhartiacademy.StandAlonePageFactoryTest" name="orderHistoryTest" time="0.0">
    <ignored/>
  </testcase> <!-- orderHistoryTest -->
</testsuite> <!-- Test -->
