<?xml version="1.0" encoding="UTF-8"?>
<!-- Generated by org.testng.reporters.JUnitXMLReporter -->
<testsuite ignored="1" hostname="EPHUBUDW07AD" failures="1" tests="2" name="Error Validations Test" time="10.017" errors="0" timestamp="2023-03-07T03:12:23 CET">
  <testcase classname="bhartiacademy.ErrorValidationTest" name="LoginErrorValidation" time="0.95">
    <skipped/>
  </testcase> <!-- LoginErrorValidation -->
  <testcase classname="bhartiacademy.ErrorValidationTest" name="LoginErrorValidation" time="0.92">
    <failure type="java.lang.AssertionError" message="expected [Incorrect email or password.] but found [Incorrect email  password.]">
      <![CDATA[java.lang.AssertionError: expected [Incorrect email or password.] but found [Incorrect email  password.]
at bhartiacademy.ErrorValidationTest.LoginErrorValidation(ErrorValidationTest.java:21)
at java.base/java.util.ArrayList.forEach(ArrayList.java:1541)
at java.base/java.util.concurrent.FutureTask.run(FutureTask.java:264)
at java.base/java.util.concurrent.ThreadPoolExecutor.runWorker(ThreadPoolExecutor.java:1128)
at java.base/java.util.concurrent.ThreadPoolExecutor$Worker.run(ThreadPoolExecutor.java:628)
at java.base/java.lang.Thread.run(Thread.java:834)
... Removed 23 stack frames]]>
    </failure>
  </testcase> <!-- LoginErrorValidation -->
  <testcase classname="bhartiacademy.ErrorValidationTest" name="ProductErrorValidation" time="0.0">
    <ignored/>
  </testcase> <!-- ProductErrorValidation -->
</testsuite> <!-- Error Validations Test -->
