<?xml version="1.0" encoding="UTF-8"?>
<!-- Generated by org.testng.reporters.JUnitXMLReporter -->
<testsuite ignored="2" hostname="EPHUBUDW07AD" failures="0" tests="0" time="0.027" errors="0" timestamp="2023-03-07T03:12:13 CET">
  <testcase classname="bhartiacademy.StandAlonePageFactoryTest" name="submitOrder" time="0.0">
    <ignored/>
  </testcase> <!-- submitOrder -->
  <testcase classname="bhartiacademy.StandAlonePageFactoryTest" name="orderHistoryTest" time="0.0">
    <ignored/>
  </testcase> <!-- orderHistoryTest -->
</testsuite>
